# JRE version: Java(TM) SE Runtime Environment (8.0_73-b02) (build 1.8.0_73-b02)
# Java VM: Java HotSpot(TM) 64-Bit Server VM (25.73-b02 mixed mode windows-amd64 compressed oops)
Heap:
 PSYoungGen      total 288768K, used 152169K [0x00000000d5d00000, 0x00000000ea780000, 0x0000000100000000)
  eden space 239104K, 52% used [0x00000000d5d00000,0x00000000dd7f81c0,0x00000000e4680000)
  from space 49664K, 52% used [0x00000000e7700000,0x00000000e90a24a0,0x00000000ea780000)
  to   space 49664K, 0% used [0x00000000e4680000,0x00000000e4680000,0x00000000e7700000)
 ParOldGen       total 299520K, used 74754K [0x0000000081600000, 0x0000000093a80000, 0x00000000d5d00000)
  object space 299520K, 24% used [0x0000000081600000,0x0000000085f009a0,0x0000000093a80000)
 Metaspace       used 105328K, capacity 107372K, committed 107776K, reserved 1142784K
  class space    used 13063K, capacity 13751K, committed 13824K, reserved 1048576K
GC Heap History (10 events):
Event: 419.702 GC heap before
{Heap before GC invocations=22 (full 3):
 PSYoungGen      total 254464K, used 247564K [0x00000000d5d00000, 0x00000000e8280000, 0x0000000100000000)
  eden space 215040K, 100% used [0x00000000d5d00000,0x00000000e2f00000,0x00000000e2f00000)
  from space 39424K, 82% used [0x00000000e5800000,0x00000000e77c3240,0x00000000e7e80000)
  to   space 41984K, 0% used [0x00000000e2f00000,0x00000000e2f00000,0x00000000e5800000)
 ParOldGen       total 204800K, used 47694K [0x0000000081600000, 0x000000008de00000, 0x00000000d5d00000)
  object space 204800K, 23% used [0x0000000081600000,0x0000000084493898,0x000000008de00000)
 Metaspace       used 83579K, capacity 85764K, committed 86016K, reserved 1124352K
  class space    used 10291K, capacity 10888K, committed 11008K, reserved 1048576K
Event: 419.726 GC heap after
Heap after GC invocations=22 (full 3):
 PSYoungGen      total 257024K, used 34223K [0x00000000d5d00000, 0x00000000e9280000, 0x0000000100000000)
  eden space 215040K, 0% used [0x00000000d5d00000,0x00000000d5d00000,0x00000000e2f00000)
  from space 41984K, 81% used [0x00000000e2f00000,0x00000000e506bca8,0x00000000e5800000)
  to   space 44544K, 0% used [0x00000000e6700000,0x00000000e6700000,0x00000000e9280000)
 ParOldGen       total 204800K, used 47702K [0x0000000081600000, 0x000000008de00000, 0x00000000d5d00000)
  object space 204800K, 23% used [0x0000000081600000,0x0000000084495898,0x000000008de00000)
 Metaspace       used 83579K, capacity 85764K, committed 86016K, reserved 1124352K
  class space    used 10291K, capacity 10888K, committed 11008K, reserved 1048576K
}
Event: 436.799 GC heap before
{Heap before GC invocations=23 (full 3):
 PSYoungGen      total 257024K, used 249263K [0x00000000d5d00000, 0x00000000e9280000, 0x0000000100000000)
  eden space 215040K, 100% used [0x00000000d5d00000,0x00000000e2f00000,0x00000000e2f00000)
  from space 41984K, 81% used [0x00000000e2f00000,0x00000000e506bca8,0x00000000e5800000)
  to   space 44544K, 0% used [0x00000000e6700000,0x00000000e6700000,0x00000000e9280000)
 ParOldGen       total 204800K, used 47702K [0x0000000081600000, 0x000000008de00000, 0x00000000d5d00000)
  object space 204800K, 23% used [0x0000000081600000,0x0000000084495898,0x000000008de00000)
 Metaspace       used 89949K, capacity 92204K, committed 92416K, reserved 1130496K
  class space    used 11105K, capacity 11706K, committed 11776K, reserved 1048576K
Event: 436.833 GC heap after
Heap after GC invocations=23 (full 3):
 PSYoungGen      total 268800K, used 38898K [0x00000000d5d00000, 0x00000000e9980000, 0x0000000100000000)
  eden space 224256K, 0% used [0x00000000d5d00000,0x00000000d5d00000,0x00000000e3800000)
  from space 44544K, 87% used [0x00000000e6700000,0x00000000e8cfcbc8,0x00000000e9280000)
  to   space 48128K, 0% used [0x00000000e3800000,0x00000000e3800000,0x00000000e6700000)
 ParOldGen       total 204800K, used 47710K [0x0000000081600000, 0x000000008de00000, 0x00000000d5d00000)
  object space 204800K, 23% used [0x0000000081600000,0x0000000084497898,0x000000008de00000)
 Metaspace       used 89949K, capacity 92204K, committed 92416K, reserved 1130496K
  class space    used 11105K, capacity 11706K, committed 11776K, reserved 1048576K
}
Event: 453.247 GC heap before
{Heap before GC invocations=24 (full 3):
 PSYoungGen      total 268800K, used 238902K [0x00000000d5d00000, 0x00000000e9980000, 0x0000000100000000)
  eden space 224256K, 89% used [0x00000000d5d00000,0x00000000e2050ed0,0x00000000e3800000)
  from space 44544K, 87% used [0x00000000e6700000,0x00000000e8cfcbc8,0x00000000e9280000)
  to   space 48128K, 0% used [0x00000000e3800000,0x00000000e3800000,0x00000000e6700000)
 ParOldGen       total 204800K, used 47710K [0x0000000081600000, 0x000000008de00000, 0x00000000d5d00000)
  object space 204800K, 23% used [0x0000000081600000,0x0000000084497898,0x000000008de00000)
 Metaspace       used 95890K, capacity 98330K, committed 98560K, reserved 1134592K
  class space    used 11865K, capacity 12525K, committed 12544K, reserved 1048576K
Event: 453.275 GC heap after
Heap after GC invocations=24 (full 3):
 PSYoungGen      total 272384K, used 41636K [0x00000000d5d00000, 0x00000000eaa00000, 0x0000000100000000)
  eden space 224256K, 0% used [0x00000000d5d00000,0x00000000d5d00000,0x00000000e3800000)
  from space 48128K, 86% used [0x00000000e3800000,0x00000000e60a9278,0x00000000e6700000)
  to   space 52224K, 0% used [0x00000000e7700000,0x00000000e7700000,0x00000000eaa00000)
 ParOldGen       total 204800K, used 47718K [0x0000000081600000, 0x000000008de00000, 0x00000000d5d00000)
  object space 204800K, 23% used [0x0000000081600000,0x0000000084499898,0x000000008de00000)
 Metaspace       used 95890K, capacity 98330K, committed 98560K, reserved 1134592K
  class space    used 11865K, capacity 12525K, committed 12544K, reserved 1048576K
}
Event: 453.275 GC heap before
{Heap before GC invocations=25 (full 4):
 PSYoungGen      total 272384K, used 41636K [0x00000000d5d00000, 0x00000000eaa00000, 0x0000000100000000)
  eden space 224256K, 0% used [0x00000000d5d00000,0x00000000d5d00000,0x00000000e3800000)
  from space 48128K, 86% used [0x00000000e3800000,0x00000000e60a9278,0x00000000e6700000)
  to   space 52224K, 0% used [0x00000000e7700000,0x00000000e7700000,0x00000000eaa00000)
 ParOldGen       total 204800K, used 47718K [0x0000000081600000, 0x000000008de00000, 0x00000000d5d00000)
  object space 204800K, 23% used [0x0000000081600000,0x0000000084499898,0x000000008de00000)
 Metaspace       used 95890K, capacity 98330K, committed 98560K, reserved 1134592K
  class space    used 11865K, capacity 12525K, committed 12544K, reserved 1048576K
Event: 453.454 GC heap after
Heap after GC invocations=25 (full 4):
 PSYoungGen      total 272384K, used 0K [0x00000000d5d00000, 0x00000000eaa00000, 0x0000000100000000)
  eden space 224256K, 0% used [0x00000000d5d00000,0x00000000d5d00000,0x00000000e3800000)
  from space 48128K, 0% used [0x00000000e3800000,0x00000000e3800000,0x00000000e6700000)
  to   space 52224K, 0% used [0x00000000e7700000,0x00000000e7700000,0x00000000eaa00000)
 ParOldGen       total 299520K, used 74746K [0x0000000081600000, 0x0000000093a80000, 0x00000000d5d00000)
  object space 299520K, 24% used [0x0000000081600000,0x0000000085efe9a0,0x0000000093a80000)
 Metaspace       used 95679K, capacity 97452K, committed 98560K, reserved 1134592K
  class space    used 11850K, capacity 12495K, committed 12544K, reserved 1048576K
}
Event: 463.324 GC heap before
{Heap before GC invocations=26 (full 4):
 PSYoungGen      total 272384K, used 224256K [0x00000000d5d00000, 0x00000000eaa00000, 0x0000000100000000)
  eden space 224256K, 100% used [0x00000000d5d00000,0x00000000e3800000,0x00000000e3800000)
  from space 48128K, 0% used [0x00000000e3800000,0x00000000e3800000,0x00000000e6700000)
  to   space 52224K, 0% used [0x00000000e7700000,0x00000000e7700000,0x00000000eaa00000)
 ParOldGen       total 299520K, used 74746K [0x0000000081600000, 0x0000000093a80000, 0x00000000d5d00000)
  object space 299520K, 24% used [0x0000000081600000,0x0000000085efe9a0,0x0000000093a80000)
 Metaspace       used 103078K, capacity 105056K, committed 105472K, reserved 1140736K
  class space    used 12840K, capacity 13508K, committed 13568K, reserved 1048576K
Event: 463.341 GC heap after
Heap after GC invocations=26 (full 4):
 PSYoungGen      total 288768K, used 26249K [0x00000000d5d00000, 0x00000000ea780000, 0x0000000100000000)
  eden space 239104K, 0% used [0x00000000d5d00000,0x00000000d5d00000,0x00000000e4680000)
  from space 49664K, 52% used [0x00000000e7700000,0x00000000e90a24a0,0x00000000ea780000)
  to   space 49664K, 0% used [0x00000000e4680000,0x00000000e4680000,0x00000000e7700000)
 ParOldGen       total 299520K, used 74754K [0x0000000081600000, 0x0000000093a80000, 0x00000000d5d00000)
  object space 299520K, 24% used [0x0000000081600000,0x0000000085f009a0,0x0000000093a80000)
 Metaspace       used 103078K, capacity 105056K, committed 105472K, reserved 1140736K
  class space    used 12840K, capacity 13508K, committed 13568K, reserved 1048576K
}

